2026-05-20T22:59:33.446+0900 [ERROR] [org.gradle.process.internal.streams.ExecOutputHandleRunner] Could not write standard input to Gradle Test Executor 3.
java.io.IOException: 파이프가 닫히는 중입니다
	at java.base/java.io.FileOutputStream.writeBytes(Native Method)
	at java.base/java.io.FileOutputStream.write(FileOutputStream.java:367)
	at java.base/java.io.BufferedOutputStream.flushBuffer(BufferedOutputStream.java:125)
	at java.base/java.io.BufferedOutputStream.implFlush(BufferedOutputStream.java:252)
	at java.base/java.io.BufferedOutputStream.flush(BufferedOutputStream.java:240)
	at org.gradle.process.internal.streams.ExecOutputHandleRunner.writeBuffer(ExecOutputHandleRunner.java:98)
	at org.gradle.process.internal.streams.ExecOutputHandleRunner.forwardContent(ExecOutputHandleRunner.java:85)
	at org.gradle.process.internal.streams.ExecOutputHandleRunner.run(ExecOutputHandleRunner.java:64)
	at org.gradle.internal.concurrent.ExecutorPolicy$CatchAndRecordFailures.onExecute(ExecutorPolicy.java:64)
	at org.gradle.internal.concurrent.AbstractManagedExecutor$1.run(AbstractManagedExecutor.java:47)
	at java.base/java.util.concurrent.ThreadPoolExecutor.runWorker(ThreadPoolExecutor.java:1144)
	at java.base/java.util.concurrent.ThreadPoolExecutor$Worker.run(ThreadPoolExecutor.java:642)
	at java.base/java.lang.Thread.run(Thread.java:1583)
2026-05-20T22:59:33.759+0900 [ERROR] [org.gradle.process.internal.streams.ExecOutputHandleRunner] Could not write standard input to Gradle Test Executor 4.
java.io.IOException: 파이프가 닫히는 중입니다
	at java.base/java.io.FileOutputStream.writeBytes(Native Method)
	at java.base/java.io.FileOutputStream.write(FileOutputStream.java:367)
	at java.base/java.io.BufferedOutputStream.flushBuffer(BufferedOutputStream.java:125)
	at java.base/java.io.BufferedOutputStream.implFlush(BufferedOutputStream.java:252)
	at java.base/java.io.BufferedOutputStream.flush(BufferedOutputStream.java:240)
	at org.gradle.process.internal.streams.ExecOutputHandleRunner.writeBuffer(ExecOutputHandleRunner.java:98)
	at org.gradle.process.internal.streams.ExecOutputHandleRunner.forwardContent(ExecOutputHandleRunner.java:85)
	at org.gradle.process.internal.streams.ExecOutputHandleRunner.run(ExecOutputHandleRunner.java:64)
	at org.gradle.internal.concurrent.ExecutorPolicy$CatchAndRecordFailures.onExecute(ExecutorPolicy.java:64)
	at org.gradle.internal.concurrent.AbstractManagedExecutor$1.run(AbstractManagedExecutor.java:47)
	at java.base/java.util.concurrent.ThreadPoolExecutor.runWorker(ThreadPoolExecutor.java:1144)
	at java.base/java.util.concurrent.ThreadPoolExecutor$Worker.run(ThreadPoolExecutor.java:642)
	at java.base/java.lang.Thread.run(Thread.java:1583)
2026-05-20T22:59:33.428+0900 [ERROR] [system.err] Error: Could not find or load main class worker.org.gradle.process.internal.worker.GradleWorkerMain
2026-05-20T22:59:33.429+0900 [ERROR] [system.err] Caused by: java.lang.ClassNotFoundException: worker.org.gradle.process.internal.worker.GradleWorkerMain
2026-05-20T22:59:33.735+0900 [ERROR] [system.err] Error: Could not find or load main class worker.org.gradle.process.internal.worker.GradleWorkerMain
2026-05-20T22:59:33.736+0900 [ERROR] [system.err] Caused by: java.lang.ClassNotFoundException: worker.org.gradle.process.internal.worker.GradleWorkerMain
2026-05-20T22:59:33.769+0900 [ERROR] [org.gradle.internal.actor.internal.DefaultActorFactory$NonBlockingActor] Process 'Gradle Test Executor 4' finished with non-zero exit value 1
org.gradle.process.ProcessExecutionException: Process 'Gradle Test Executor 4' finished with non-zero exit value 1
	at org.gradle.process.internal.DefaultExecHandle$ExecResultImpl.assertNormalExitValue(DefaultExecHandle.java:459)
	at org.gradle.process.internal.worker.DefaultWorkerProcess.onProcessStop(DefaultWorkerProcess.java:146)
	at org.gradle.process.internal.worker.DefaultWorkerProcess.access$000(DefaultWorkerProcess.java:43)
	at org.gradle.process.internal.worker.DefaultWorkerProcess$1.executionFinished(DefaultWorkerProcess.java:99)
	at java.base/jdk.internal.reflect.DirectMethodHandleAccessor.invoke(DirectMethodHandleAccessor.java:103)
	at java.base/java.lang.reflect.Method.invoke(Method.java:580)
	at org.gradle.internal.dispatch.MethodInvocation.invokeOn(MethodInvocation.java:77)
	at org.gradle.internal.dispatch.ReflectionDispatch.dispatch(ReflectionDispatch.java:28)
	at org.gradle.internal.dispatch.ReflectionDispatch.dispatch(ReflectionDispatch.java:19)
	at org.gradle.internal.event.AbstractBroadcastDispatch.dispatch(AbstractBroadcastDispatch.java:44)
	at org.gradle.internal.event.BroadcastDispatch$SingletonDispatch.dispatch(BroadcastDispatch.java:270)
	at org.gradle.internal.event.BroadcastDispatch$SingletonDispatch.dispatch(BroadcastDispatch.java:172)
	at org.gradle.internal.event.ListenerBroadcast.dispatch(ListenerBroadcast.java:160)
	at org.gradle.internal.event.ListenerBroadcast.dispatch(ListenerBroadcast.java:37)
	at org.gradle.internal.dispatch.ProxyDispatchAdapter$DispatchingInvocationHandler.invoke(ProxyDispatchAdapter.java:88)
	at jdk.proxy1/jdk.proxy1.$Proxy86.executionFinished(Unknown Source)
	at org.gradle.process.internal.DefaultExecHandle.setEndStateInfo(DefaultExecHandle.java:225)
	at org.gradle.process.internal.DefaultExecHandle.finished(DefaultExecHandle.java:397)
	at org.gradle.process.internal.ExecHandleRunner.completed(ExecHandleRunner.java:213)
	at org.gradle.process.internal.ExecHandleRunner.lambda$run$2(ExecHandleRunner.java:176)
	at org.gradle.internal.operations.CurrentBuildOperationRef.with(CurrentBuildOperationRef.java:84)
	at org.gradle.process.internal.ExecHandleRunner.run(ExecHandleRunner.java:174)
	at org.gradle.internal.concurrent.ExecutorPolicy$CatchAndRecordFailures.onExecute(ExecutorPolicy.java:64)
	at org.gradle.internal.concurrent.AbstractManagedExecutor$1.run(AbstractManagedExecutor.java:47)
	at java.base/java.util.concurrent.ThreadPoolExecutor.runWorker(ThreadPoolExecutor.java:1144)
	at java.base/java.util.concurrent.ThreadPoolExecutor$Worker.run(ThreadPoolExecutor.java:642)
	at java.base/java.lang.Thread.run(Thread.java:1583)
2026-05-20T22:59:33.818+0900 [ERROR] [org.gradle.internal.buildevents.BuildExceptionReporter] 
2026-05-20T22:59:33.818+0900 [ERROR] [org.gradle.internal.buildevents.BuildExceptionReporter] FAILURE: Build failed with an exception.
2026-05-20T22:59:33.818+0900 [ERROR] [org.gradle.internal.buildevents.BuildExceptionReporter] 
2026-05-20T22:59:33.818+0900 [ERROR] [org.gradle.internal.buildevents.BuildExceptionReporter] * What went wrong:
2026-05-20T22:59:33.818+0900 [ERROR] [org.gradle.internal.buildevents.BuildExceptionReporter] Execution failed for task ':test'.
2026-05-20T22:59:33.818+0900 [ERROR] [org.gradle.internal.buildevents.BuildExceptionReporter] > Test process encountered an unexpected problem.
2026-05-20T22:59:33.818+0900 [ERROR] [org.gradle.internal.buildevents.BuildExceptionReporter]    > Process 'Gradle Test Executor 3' finished with non-zero exit value 1
2026-05-20T22:59:33.818+0900 [ERROR] [org.gradle.internal.buildevents.BuildExceptionReporter] 
2026-05-20T22:59:33.819+0900 [ERROR] [org.gradle.internal.buildevents.BuildExceptionReporter] * Try:
2026-05-20T22:59:33.819+0900 [ERROR] [org.gradle.internal.buildevents.BuildExceptionReporter] > Check common problems https://docs.gradle.org/9.4.1/userguide/java_testing.html#sec:java_testing_troubleshooting.
2026-05-20T22:59:33.819+0900 [ERROR] [org.gradle.internal.buildevents.BuildExceptionReporter] > Run with --stacktrace option to get the stack trace.
2026-05-20T22:59:33.819+0900 [ERROR] [org.gradle.internal.buildevents.BuildExceptionReporter] > Run with --scan to get full insights from a Build Scan (powered by Develocity).
2026-05-20T22:59:33.819+0900 [ERROR] [org.gradle.internal.buildevents.BuildExceptionReporter] > Get more help at https://help.gradle.org.
2026-05-20T22:59:33.819+0900 [ERROR] [org.gradle.internal.buildevents.BuildResultLogger] 
2026-05-20T22:59:33.819+0900 [ERROR] [org.gradle.internal.buildevents.BuildResultLogger] BUILD FAILED in 30s
